#
# A fatal error has been detected by the Java Runtime Environment:
#
#  Internal Error (javaClasses.cpp:136), pid=8684, tid=9572
#  fatal error: Invalid layout of preloaded class
#
# JRE version:  (7.0_51-b13) (build )
# Java VM: Java HotSpot(TM) 64-Bit Server VM (24.51-b03 mixed mode windows-amd64 compressed oops)
# Failed to write core dump. Minidumps are not enabled by default on client versions of Windows
#
# If you would like to submit a bug report, please visit:
#   http://bugreport.sun.com/bugreport/crash.jsp
#

---------------  T H R E A D  ---------------

Current thread (0x0000000001d00800):  JavaThread "Unknown thread" [_thread_in_vm, id=9572, stack(0x0000000001bc0000,0x0000000001cc0000)]

Stack: [0x0000000001bc0000,0x0000000001cc0000]

---------------  P R O C E S S  ---------------

Java Threads: ( => current thread )

Other Threads:

=>0x0000000001d00800 (exited) JavaThread "Unknown thread" [_thread_in_vm, id=9572, stack(0x0000000001bc0000,0x0000000001cc0000)]

VM state:not at safepoint (not fully initialized)

VM Mutex/Monitor currently owned by a thread: None

GC Heap History (0 events):
No events

Deoptimization events (0 events):
No events

Internal exceptions (0 events):
No events

Events (10 events):
Event: 0.020 loading class 0x0000000001d46ba0 done
Event: 0.021 loading class 0x0000000001d465c0 done
Event: 0.021 loading class 0x0000000001d465a0
Event: 0.021 loading class 0x0000000001d4e6a0
Event: 0.021 loading class 0x0000000001d4e6a0 done
Event: 0.021 loading class 0x0000000001d4e6d0
Event: 0.021 loading class 0x0000000001d4e6d0 done
Event: 0.021 loading class 0x0000000001d4e700
Event: 0.021 loading class 0x0000000001d4e700 done
Event: 0.021 loading class 0x0000000001d465a0 done


Dynamic libraries:
0x00007ff6efc00000 - 0x00007ff6efc33000 	C:\Program Files\Java\jre7\bin\javaw.exe
0x00007fff816e0000 - 0x00007fff81889000 	C:\WINDOWS\SYSTEM32\ntdll.dll
0x00007fff7f1c0000 - 0x00007fff7f2f9000 	C:\WINDOWS\system32\KERNEL32.DLL
0x00007fff7ebd0000 - 0x00007fff7ecde000 	C:\WINDOWS\system32\KERNELBASE.dll
0x00007fff7d660000 - 0x00007fff7d6eb000 	C:\WINDOWS\system32\apphelp.dll
0x00007fff6f270000 - 0x00007fff6f2bf000 	C:\WINDOWS\AppPatch\AppPatch64\AcGenral.DLL
0x00007fff7f540000 - 0x00007fff7f5e7000 	C:\WINDOWS\system32\msvcrt.dll
0x00007fff7e840000 - 0x00007fff7e86b000 	C:\WINDOWS\SYSTEM32\SspiCli.dll
0x00007fff812c0000 - 0x00007fff81311000 	C:\WINDOWS\system32\SHLWAPI.dll
0x00007fff80c30000 - 0x00007fff80da1000 	C:\WINDOWS\system32\USER32.dll
0x00007fff7f5f0000 - 0x00007fff7f766000 	C:\WINDOWS\system32\ole32.dll
0x00007fff7f770000 - 0x00007fff80b7f000 	C:\WINDOWS\system32\SHELL32.dll
0x00007fff7e210000 - 0x00007fff7e22f000 	C:\WINDOWS\SYSTEM32\USERENV.dll
0x00007fff7ef70000 - 0x00007fff7f015000 	C:\WINDOWS\system32\ADVAPI32.dll
0x00007fff771e0000 - 0x00007fff771fb000 	C:\WINDOWS\SYSTEM32\MPR.dll
0x00007fff81580000 - 0x00007fff816b6000 	C:\WINDOWS\system32\RPCRT4.dll
0x00007fff81080000 - 0x00007fff810d7000 	C:\WINDOWS\SYSTEM32\sechost.dll
0x00007fff7f300000 - 0x00007fff7f4d7000 	C:\WINDOWS\SYSTEM32\combase.dll
0x00007fff7f070000 - 0x00007fff7f1b5000 	C:\WINDOWS\system32\GDI32.dll
0x00007fff7ea60000 - 0x00007fff7ea74000 	C:\WINDOWS\SYSTEM32\profapi.dll
0x00007fff7cf40000 - 0x00007fff7cfe1000 	C:\WINDOWS\SYSTEM32\SHCORE.dll
0x00007fff7f030000 - 0x00007fff7f064000 	C:\WINDOWS\system32\IMM32.DLL
0x00007fff80dc0000 - 0x00007fff80ef8000 	C:\WINDOWS\system32\MSCTF.dll
0x00007fff7c4a0000 - 0x00007fff7c6fa000 	C:\WINDOWS\WinSxS\amd64_microsoft.windows.common-controls_6595b64144ccf1df_6.0.9600.16384_none_62475f7becb72503\COMCTL32.dll
0x0000000066b80000 - 0x0000000066c52000 	C:\Program Files\Java\jre7\bin\msvcr100.dll
0x00000000663b0000 - 0x0000000066b79000 	C:\Program Files\Java\jre7\bin\server\jvm.dll
0x00007fff76a00000 - 0x00007fff76a09000 	C:\WINDOWS\SYSTEM32\WSOCK32.dll
0x00007fff777c0000 - 0x00007fff777df000 	C:\WINDOWS\SYSTEM32\WINMM.dll
0x00007fff7f020000 - 0x00007fff7f027000 	C:\WINDOWS\system32\PSAPI.DLL
0x00007fff7f4e0000 - 0x00007fff7f538000 	C:\WINDOWS\system32\WS2_32.dll
0x00007fff77790000 - 0x00007fff777ba000 	C:\WINDOWS\SYSTEM32\WINMMBASE.dll
0x00007fff80db0000 - 0x00007fff80db9000 	C:\WINDOWS\system32\NSI.dll
0x00007fff7eb80000 - 0x00007fff7ebca000 	C:\WINDOWS\SYSTEM32\cfgmgr32.dll
0x00007fff7d8c0000 - 0x00007fff7d8e6000 	C:\WINDOWS\SYSTEM32\DEVOBJ.dll
0x00000000663a0000 - 0x00000000663af000 	C:\Program Files\Java\jre7\bin\verify.dll
0x0000000066370000 - 0x0000000066398000 	C:\Program Files\Java\jre7\bin\java.dll
0x0000000066350000 - 0x0000000066365000 	C:\Program Files\Java\jre7\bin\zip.dll

VM Arguments:
jvm_args: -Dfile.encoding=Cp1252 -Xbootclasspath:C:\Users\Ruobin\Documents\Spring 2014\CS 2340\adt-bundle-windows-x86_64-20131030\sdk\platforms\android-19\android.jar 
java_command: edu.gatech.oad.antlab.pkg1.AntLabMain
Launcher Type: SUN_STANDARD

Environment Variables:
JAVA_HOME=C:\Program Files\Java\jdk1.7.0_51\
PATH=C:\Program Files (x86)\Intel\iCLS Client\;C:\Program Files\Intel\iCLS Client\;C:\WINDOWS\system32;C:\WINDOWS;C:\WINDOWS\System32\Wbem;C:\WINDOWS\System32\WindowsPowerShell\v1.0\;C:\Program Files\Intel\Intel(R) Management Engine Components\DAL;C:\Program Files\Intel\Intel(R) Management Engine Components\IPT;C:\Program Files (x86)\Intel\Intel(R) Management Engine Components\DAL;C:\Program Files (x86)\Intel\Intel(R) Management Engine Components\IPT;C:\Program Files (x86)\Intel\OpenCL SDK\2.0\bin\x86; C:\Program Files (x86)\Intel\OpenCL SDK\2.0\bin\x64;C:\Program Files (x86)\Windows Live\Shared; C:\Users\Ruobin\Documents\Spring 2014\CS 2340\gradle-1.10\bin;C:\Program Files\Intel\WiFi\bin\;C:\Program Files\Common Files\Intel\WirelessCommon\;C:\Program Files\MiKTeX 2.9\miktex\bin\x64\;C:\Program Files\Intel\WiFi\bin\;C:\Program Files\Common Files\Intel\WirelessCommon\
USERNAME=Ruobin
OS=Windows_NT
PROCESSOR_IDENTIFIER=Intel64 Family 6 Model 58 Stepping 9, GenuineIntel



---------------  S Y S T E M  ---------------

OS: Windows 8 , 64 bit Build 9200 

CPU:total 4 (2 cores per cpu, 2 threads per core) family 6 model 58 stepping 9, cmov, cx8, fxsr, mmx, sse, sse2, sse3, ssse3, sse4.1, sse4.2, popcnt, avx, aes, erms, ht, tsc, tscinvbit, tscinv

Memory: 4k page, physical 6174340k(2719472k free), swap 12465800k(7168996k free)

vm_info: Java HotSpot(TM) 64-Bit Server VM (24.51-b03) for windows-amd64 JRE (1.7.0_51-b13), built on Dec 18 2013 18:40:56 by "java_re" with unknown MS VC++:1600

time: Fri Feb 07 12:31:21 2014
elapsed time: 0 seconds

